<?xml version="1.0" encoding="UTF-8"?>
<testng-results skipped="0" failed="0" total="2" passed="2">
  <reporter-output>
  </reporter-output>
  <suite name="Default suite" duration-ms="32675" started-at="2018-03-24T11:39:14Z" finished-at="2018-03-24T11:39:47Z">
    <groups>
    </groups>
    <test name="Default test" duration-ms="32675" started-at="2018-03-24T11:39:14Z" finished-at="2018-03-24T11:39:47Z">
      <class name="com.testng.Child">
        <test-method status="PASS" signature="launch()[pri:0, instance:com.testng.Child@2a5ca609]" name="launch" is-config="true" duration-ms="8602" started-at="2018-03-24T17:09:14Z" finished-at="2018-03-24T17:09:23Z">
          <reporter-output>
          </reporter-output>
        </test-method> <!-- launch -->
        <test-method status="PASS" signature="TC03_ContactDetails()[pri:0, instance:com.testng.Child@2a5ca609]" name="TC03_ContactDetails" duration-ms="7690" started-at="2018-03-24T17:09:23Z" finished-at="2018-03-24T17:09:31Z">
          <reporter-output>
          </reporter-output>
        </test-method> <!-- TC03_ContactDetails -->
        <test-method status="PASS" signature="close()[pri:0, instance:com.testng.Child@2a5ca609]" name="close" is-config="true" duration-ms="13" started-at="2018-03-24T17:09:31Z" finished-at="2018-03-24T17:09:31Z">
          <reporter-output>
          </reporter-output>
        </test-method> <!-- close -->
        <test-method status="PASS" signature="launch()[pri:0, instance:com.testng.Child@2a5ca609]" name="launch" is-config="true" duration-ms="7160" started-at="2018-03-24T17:09:31Z" finished-at="2018-03-24T17:09:38Z">
          <reporter-output>
          </reporter-output>
        </test-method> <!-- launch -->
        <test-method status="PASS" signature="TC03_Qualifications_Add_Workexperince()[pri:0, instance:com.testng.Child@2a5ca609]" name="TC03_Qualifications_Add_Workexperince" duration-ms="9171" started-at="2018-03-24T17:09:38Z" finished-at="2018-03-24T17:09:47Z">
          <reporter-output>
          </reporter-output>
        </test-method> <!-- TC03_Qualifications_Add_Workexperince -->
        <test-method status="PASS" signature="close()[pri:0, instance:com.testng.Child@2a5ca609]" name="close" is-config="true" duration-ms="18" started-at="2018-03-24T17:09:47Z" finished-at="2018-03-24T17:09:47Z">
          <reporter-output>
          </reporter-output>
        </test-method> <!-- close -->
      </class> <!-- com.testng.Child -->
    </test> <!-- Default test -->
  </suite> <!-- Default suite -->
</testng-results>
